<?xml version="1.0" encoding="UTF-8"?>
<testng-results skipped="0" failed="3" ignored="0" total="11" passed="8">
  <reporter-output>
  </reporter-output>
  <suite name="Suite" duration-ms="245716" started-at="2019-04-17T13:23:38Z" finished-at="2019-04-17T13:27:44Z">
    <groups>
    </groups>
    <test name="Test" duration-ms="245716" started-at="2019-04-17T13:23:38Z" finished-at="2019-04-17T13:27:44Z">
      <class name="com.hyperlocal.CareersTest">
        <test-method status="PASS" signature="startUp()[pri:0, instance:com.hyperlocal.CareersTest@146ba0ac]" name="startUp" is-config="true" duration-ms="9756" started-at="2019-04-17T13:26:20Z" finished-at="2019-04-17T13:26:30Z">
          <reporter-output>
          </reporter-output>
        </test-method> <!-- startUp -->
        <test-method status="PASS" signature="careerPageTest()[pri:1, instance:com.hyperlocal.CareersTest@146ba0ac]" name="careerPageTest" duration-ms="17667" started-at="2019-04-17T13:26:30Z" finished-at="2019-04-17T13:26:47Z">
          <reporter-output>
          </reporter-output>
        </test-method> <!-- careerPageTest -->
        <test-method status="PASS" signature="screenShot()[pri:0, instance:com.hyperlocal.CareersTest@146ba0ac]" name="screenShot" is-config="true" duration-ms="2027" started-at="2019-04-17T13:26:47Z" finished-at="2019-04-17T13:26:50Z">
          <reporter-output>
          </reporter-output>
        </test-method> <!-- screenShot -->
      </class> <!-- com.hyperlocal.CareersTest -->
      <class name="com.hyperlocal.ServiceTest">
        <test-method status="PASS" signature="startUp()[pri:0, instance:com.hyperlocal.ServiceTest@4667ae56]" name="startUp" is-config="true" duration-ms="9515" started-at="2019-04-17T13:24:20Z" finished-at="2019-04-17T13:24:30Z">
          <reporter-output>
          </reporter-output>
        </test-method> <!-- startUp -->
        <test-method status="PASS" signature="carPageTest()[pri:1, instance:com.hyperlocal.ServiceTest@4667ae56]" name="carPageTest" duration-ms="14690" started-at="2019-04-17T13:24:30Z" finished-at="2019-04-17T13:24:44Z">
          <reporter-output>
          </reporter-output>
        </test-method> <!-- carPageTest -->
        <test-method status="PASS" signature="screenShot()[pri:0, instance:com.hyperlocal.ServiceTest@4667ae56]" name="screenShot" is-config="true" duration-ms="2001" started-at="2019-04-17T13:24:44Z" finished-at="2019-04-17T13:24:46Z">
          <reporter-output>
          </reporter-output>
        </test-method> <!-- screenShot -->
      </class> <!-- com.hyperlocal.ServiceTest -->
      <class name="com.hyperlocal.AboutUsTest">
        <test-method status="PASS" signature="startUp()[pri:0, instance:com.hyperlocal.AboutUsTest@464bee09]" name="startUp" is-config="true" duration-ms="8893" started-at="2019-04-17T13:27:25Z" finished-at="2019-04-17T13:27:34Z">
          <reporter-output>
          </reporter-output>
        </test-method> <!-- startUp -->
        <test-method status="PASS" signature="aboutUsTest()[pri:1, instance:com.hyperlocal.AboutUsTest@464bee09]" name="aboutUsTest" duration-ms="8134" started-at="2019-04-17T13:27:34Z" finished-at="2019-04-17T13:27:42Z">
          <reporter-output>
          </reporter-output>
        </test-method> <!-- aboutUsTest -->
        <test-method status="PASS" signature="screenShot()[pri:0, instance:com.hyperlocal.AboutUsTest@464bee09]" name="screenShot" is-config="true" duration-ms="2246" started-at="2019-04-17T13:27:42Z" finished-at="2019-04-17T13:27:44Z">
          <reporter-output>
          </reporter-output>
        </test-method> <!-- screenShot -->
      </class> <!-- com.hyperlocal.AboutUsTest -->
      <class name="com.hyperlocal.ContactUsTest">
        <test-method status="PASS" signature="startUp()[pri:0, instance:com.hyperlocal.ContactUsTest@4dfa3a9d]" name="startUp" is-config="true" duration-ms="8457" started-at="2019-04-17T13:26:50Z" finished-at="2019-04-17T13:26:58Z">
          <reporter-output>
          </reporter-output>
        </test-method> <!-- startUp -->
        <test-method status="PASS" signature="contactUsPageTest()[pri:1, instance:com.hyperlocal.ContactUsTest@4dfa3a9d]" name="contactUsPageTest" duration-ms="6931" started-at="2019-04-17T13:26:58Z" finished-at="2019-04-17T13:27:05Z">
          <reporter-output>
          </reporter-output>
        </test-method> <!-- contactUsPageTest -->
        <test-method status="PASS" signature="screenShot()[pri:0, instance:com.hyperlocal.ContactUsTest@4dfa3a9d]" name="screenShot" is-config="true" duration-ms="1790" started-at="2019-04-17T13:27:05Z" finished-at="2019-04-17T13:27:07Z">
          <reporter-output>
          </reporter-output>
        </test-method> <!-- screenShot -->
      </class> <!-- com.hyperlocal.ContactUsTest -->
      <class name="com.hyperlocal.AccessoriesTest">
        <test-method status="PASS" signature="startUp()[pri:0, instance:com.hyperlocal.AccessoriesTest@77cd7a0]" name="startUp" is-config="true" duration-ms="13080" started-at="2019-04-17T13:24:46Z" finished-at="2019-04-17T13:24:59Z">
          <reporter-output>
          </reporter-output>
        </test-method> <!-- startUp -->
        <test-method status="PASS" signature="accessoriesPageTest()[pri:1, instance:com.hyperlocal.AccessoriesTest@77cd7a0]" name="accessoriesPageTest" duration-ms="15384" started-at="2019-04-17T13:24:59Z" finished-at="2019-04-17T13:25:15Z">
          <reporter-output>
          </reporter-output>
        </test-method> <!-- accessoriesPageTest -->
        <test-method status="PASS" signature="screenShot()[pri:0, instance:com.hyperlocal.AccessoriesTest@77cd7a0]" name="screenShot" is-config="true" duration-ms="2449" started-at="2019-04-17T13:25:15Z" finished-at="2019-04-17T13:25:17Z">
          <reporter-output>
          </reporter-output>
        </test-method> <!-- screenShot -->
      </class> <!-- com.hyperlocal.AccessoriesTest -->
      <class name="com.hyperlocal.HomePageTest">
        <test-method status="PASS" signature="startUp()[pri:0, instance:com.hyperlocal.HomePageTest@548e7350]" name="startUp" is-config="true" duration-ms="15883" started-at="2019-04-17T13:23:38Z" finished-at="2019-04-17T13:23:54Z">
          <reporter-output>
          </reporter-output>
        </test-method> <!-- startUp -->
        <test-method status="FAIL" signature="homePageTest()[pri:0, instance:com.hyperlocal.HomePageTest@548e7350]" name="homePageTest" duration-ms="55" started-at="2019-04-17T13:23:54Z" finished-at="2019-04-17T13:23:54Z">
          <exception class="java.lang.AssertionError">
            <message>
              <![CDATA[expected [Maruti Suzuki ARENA Car Dealers in Jaipur Road, Ajmer - Ajmer Auto Agencies Showroom in Jaipur Road, Ajmer] but found [Maruti Suzuki ARENA Car Dealers in Sanand, Ahmedabad - Tanu Motors Car Showroom Ahmedabad]]]>
            </message>
            <full-stacktrace>
              <![CDATA[java.lang.AssertionError: expected [Maruti Suzuki ARENA Car Dealers in Jaipur Road, Ajmer - Ajmer Auto Agencies Showroom in Jaipur Road, Ajmer] but found [Maruti Suzuki ARENA Car Dealers in Sanand, Ahmedabad - Tanu Motors Car Showroom Ahmedabad]
at org.testng.Assert.fail(Assert.java:96)
at org.testng.Assert.failNotEquals(Assert.java:776)
at org.testng.Assert.assertEqualsImpl(Assert.java:137)
at org.testng.Assert.assertEquals(Assert.java:118)
at org.testng.Assert.assertEquals(Assert.java:453)
at org.testng.Assert.assertEquals(Assert.java:463)
at hyperlocalUtils.Asserts.homePageAssert(Asserts.java:15)
at hyperlocalPages.HomePageElements.homePage(HomePageElements.java:27)
at com.hyperlocal.HomePageTest.homePageTest(HomePageTest.java:11)
at sun.reflect.NativeMethodAccessorImpl.invoke0(Native Method)
at sun.reflect.NativeMethodAccessorImpl.invoke(Unknown Source)
at sun.reflect.DelegatingMethodAccessorImpl.invoke(Unknown Source)
at java.lang.reflect.Method.invoke(Unknown Source)
at org.testng.internal.MethodInvocationHelper.invokeMethod(MethodInvocationHelper.java:124)
at org.testng.internal.Invoker.invokeMethod(Invoker.java:583)
at org.testng.internal.Invoker.invokeTestMethod(Invoker.java:719)
at org.testng.internal.Invoker.invokeTestMethods(Invoker.java:989)
at org.testng.internal.TestMethodWorker.invokeTestMethods(TestMethodWorker.java:125)
at org.testng.internal.TestMethodWorker.run(TestMethodWorker.java:109)
at org.testng.TestRunner.privateRun(TestRunner.java:648)
at org.testng.TestRunner.run(TestRunner.java:505)
at org.testng.SuiteRunner.runTest(SuiteRunner.java:455)
at org.testng.SuiteRunner.runSequentially(SuiteRunner.java:450)
at org.testng.SuiteRunner.privateRun(SuiteRunner.java:415)
at org.testng.SuiteRunner.run(SuiteRunner.java:364)
at org.testng.SuiteRunnerWorker.runSuite(SuiteRunnerWorker.java:52)
at org.testng.SuiteRunnerWorker.run(SuiteRunnerWorker.java:84)
at org.testng.TestNG.runSuitesSequentially(TestNG.java:1208)
at org.testng.TestNG.runSuitesLocally(TestNG.java:1137)
at org.testng.TestNG.runSuites(TestNG.java:1049)
at org.testng.TestNG.run(TestNG.java:1017)
at org.testng.remote.AbstractRemoteTestNG.run(AbstractRemoteTestNG.java:114)
at org.testng.remote.RemoteTestNG.initAndRun(RemoteTestNG.java:251)
at org.testng.remote.RemoteTestNG.main(RemoteTestNG.java:77)
]]>
            </full-stacktrace>
          </exception> <!-- java.lang.AssertionError -->
          <reporter-output>
          </reporter-output>
        </test-method> <!-- homePageTest -->
        <test-method status="PASS" signature="screenShot()[pri:0, instance:com.hyperlocal.HomePageTest@548e7350]" name="screenShot" is-config="true" duration-ms="2528" started-at="2019-04-17T13:23:54Z" finished-at="2019-04-17T13:23:57Z">
          <reporter-output>
          </reporter-output>
        </test-method> <!-- screenShot -->
      </class> <!-- com.hyperlocal.HomePageTest -->
      <class name="com.hyperlocal.DrivingSchoolTest">
        <test-method status="PASS" signature="startUp()[pri:0, instance:com.hyperlocal.DrivingSchoolTest@754ba872]" name="startUp" is-config="true" duration-ms="11348" started-at="2019-04-17T13:25:59Z" finished-at="2019-04-17T13:26:10Z">
          <reporter-output>
          </reporter-output>
        </test-method> <!-- startUp -->
        <test-method status="PASS" signature="drivingschoolPageTest()[pri:1, instance:com.hyperlocal.DrivingSchoolTest@754ba872]" name="drivingschoolPageTest" duration-ms="8235" started-at="2019-04-17T13:26:10Z" finished-at="2019-04-17T13:26:18Z">
          <reporter-output>
          </reporter-output>
        </test-method> <!-- drivingschoolPageTest -->
        <test-method status="PASS" signature="screenShot()[pri:0, instance:com.hyperlocal.DrivingSchoolTest@754ba872]" name="screenShot" is-config="true" duration-ms="1723" started-at="2019-04-17T13:26:18Z" finished-at="2019-04-17T13:26:20Z">
          <reporter-output>
          </reporter-output>
        </test-method> <!-- screenShot -->
      </class> <!-- com.hyperlocal.DrivingSchoolTest -->
      <class name="com.hyperlocal.InsuranceTest">
        <test-method status="PASS" signature="startUp()[pri:0, instance:com.hyperlocal.InsuranceTest@e25b2fe]" name="startUp" is-config="true" duration-ms="7727" started-at="2019-04-17T13:25:35Z" finished-at="2019-04-17T13:25:43Z">
          <reporter-output>
          </reporter-output>
        </test-method> <!-- startUp -->
        <test-method status="PASS" signature="insurancePageTest()[pri:1, instance:com.hyperlocal.InsuranceTest@e25b2fe]" name="insurancePageTest" duration-ms="13955" started-at="2019-04-17T13:25:43Z" finished-at="2019-04-17T13:25:57Z">
          <reporter-output>
          </reporter-output>
        </test-method> <!-- insurancePageTest -->
        <test-method status="PASS" signature="screenShot()[pri:0, instance:com.hyperlocal.InsuranceTest@e25b2fe]" name="screenShot" is-config="true" duration-ms="2130" started-at="2019-04-17T13:25:57Z" finished-at="2019-04-17T13:25:59Z">
          <reporter-output>
          </reporter-output>
        </test-method> <!-- screenShot -->
      </class> <!-- com.hyperlocal.InsuranceTest -->
      <class name="com.hyperlocal.EBookNowTest">
        <test-method status="PASS" signature="startUp()[pri:0, instance:com.hyperlocal.EBookNowTest@6eebc39e]" name="startUp" is-config="true" duration-ms="10281" started-at="2019-04-17T13:27:07Z" finished-at="2019-04-17T13:27:17Z">
          <reporter-output>
          </reporter-output>
        </test-method> <!-- startUp -->
        <test-method status="PASS" signature="ebookTest()[pri:1, instance:com.hyperlocal.EBookNowTest@6eebc39e]" name="ebookTest" duration-ms="6123" started-at="2019-04-17T13:27:17Z" finished-at="2019-04-17T13:27:23Z">
          <reporter-output>
          </reporter-output>
        </test-method> <!-- ebookTest -->
        <test-method status="PASS" signature="screenShot()[pri:0, instance:com.hyperlocal.EBookNowTest@6eebc39e]" name="screenShot" is-config="true" duration-ms="1760" started-at="2019-04-17T13:27:23Z" finished-at="2019-04-17T13:27:25Z">
          <reporter-output>
          </reporter-output>
        </test-method> <!-- screenShot -->
      </class> <!-- com.hyperlocal.EBookNowTest -->
      <class name="com.hyperlocal.CarPageTest">
        <test-method status="PASS" signature="startUp()[pri:0, instance:com.hyperlocal.CarPageTest@1a968a59]" name="startUp" is-config="true" duration-ms="8690" started-at="2019-04-17T13:23:57Z" finished-at="2019-04-17T13:24:06Z">
          <reporter-output>
          </reporter-output>
        </test-method> <!-- startUp -->
        <test-method status="FAIL" signature="carPageTest()[pri:1, instance:com.hyperlocal.CarPageTest@1a968a59]" name="carPageTest" duration-ms="12371" started-at="2019-04-17T13:24:06Z" finished-at="2019-04-17T13:24:18Z">
          <exception class="java.lang.AssertionError">
            <message>
              <![CDATA[expected [http://arenaofsanand.hyperlocalcmstage.co.in//cars/alto-k10] but found [http://arenaofsanand.hyperlocalcmstage.co.in/en/cars/alto-k10]]]>
            </message>
            <full-stacktrace>
              <![CDATA[java.lang.AssertionError: expected [http://arenaofsanand.hyperlocalcmstage.co.in//cars/alto-k10] but found [http://arenaofsanand.hyperlocalcmstage.co.in/en/cars/alto-k10]
at org.testng.Assert.fail(Assert.java:96)
at org.testng.Assert.failNotEquals(Assert.java:776)
at org.testng.Assert.assertEqualsImpl(Assert.java:137)
at org.testng.Assert.assertEquals(Assert.java:118)
at org.testng.Assert.assertEquals(Assert.java:453)
at org.testng.Assert.assertEquals(Assert.java:463)
at hyperlocalUtils.Asserts.carPageAssert(Asserts.java:34)
at hyperlocalPages.CarPageElements.carPage(CarPageElements.java:40)
at com.hyperlocal.CarPageTest.carPageTest(CarPageTest.java:11)
at sun.reflect.NativeMethodAccessorImpl.invoke0(Native Method)
at sun.reflect.NativeMethodAccessorImpl.invoke(Unknown Source)
at sun.reflect.DelegatingMethodAccessorImpl.invoke(Unknown Source)
at java.lang.reflect.Method.invoke(Unknown Source)
at org.testng.internal.MethodInvocationHelper.invokeMethod(MethodInvocationHelper.java:124)
at org.testng.internal.Invoker.invokeMethod(Invoker.java:583)
at org.testng.internal.Invoker.invokeTestMethod(Invoker.java:719)
at org.testng.internal.Invoker.invokeTestMethods(Invoker.java:989)
at org.testng.internal.TestMethodWorker.invokeTestMethods(TestMethodWorker.java:125)
at org.testng.internal.TestMethodWorker.run(TestMethodWorker.java:109)
at org.testng.TestRunner.privateRun(TestRunner.java:648)
at org.testng.TestRunner.run(TestRunner.java:505)
at org.testng.SuiteRunner.runTest(SuiteRunner.java:455)
at org.testng.SuiteRunner.runSequentially(SuiteRunner.java:450)
at org.testng.SuiteRunner.privateRun(SuiteRunner.java:415)
at org.testng.SuiteRunner.run(SuiteRunner.java:364)
at org.testng.SuiteRunnerWorker.runSuite(SuiteRunnerWorker.java:52)
at org.testng.SuiteRunnerWorker.run(SuiteRunnerWorker.java:84)
at org.testng.TestNG.runSuitesSequentially(TestNG.java:1208)
at org.testng.TestNG.runSuitesLocally(TestNG.java:1137)
at org.testng.TestNG.runSuites(TestNG.java:1049)
at org.testng.TestNG.run(TestNG.java:1017)
at org.testng.remote.AbstractRemoteTestNG.run(AbstractRemoteTestNG.java:114)
at org.testng.remote.RemoteTestNG.initAndRun(RemoteTestNG.java:251)
at org.testng.remote.RemoteTestNG.main(RemoteTestNG.java:77)
]]>
            </full-stacktrace>
          </exception> <!-- java.lang.AssertionError -->
          <reporter-output>
          </reporter-output>
        </test-method> <!-- carPageTest -->
        <test-method status="PASS" signature="screenShot()[pri:0, instance:com.hyperlocal.CarPageTest@1a968a59]" name="screenShot" is-config="true" duration-ms="1970" started-at="2019-04-17T13:24:18Z" finished-at="2019-04-17T13:24:20Z">
          <reporter-output>
          </reporter-output>
        </test-method> <!-- screenShot -->
      </class> <!-- com.hyperlocal.CarPageTest -->
      <class name="com.hyperlocal.FinanceTest">
        <test-method status="PASS" signature="startUp()[pri:0, instance:com.hyperlocal.FinanceTest@204f30ec]" name="startUp" is-config="true" duration-ms="7584" started-at="2019-04-17T13:25:17Z" finished-at="2019-04-17T13:25:25Z">
          <reporter-output>
          </reporter-output>
        </test-method> <!-- startUp -->
        <test-method status="FAIL" signature="financePageTest()[pri:1, instance:com.hyperlocal.FinanceTest@204f30ec]" name="financePageTest" duration-ms="8397" started-at="2019-04-17T13:25:25Z" finished-at="2019-04-17T13:25:33Z">
          <exception class="java.lang.AssertionError">
            <message>
              <![CDATA[expected [4,36,060] but found [4,36,112]]]>
            </message>
            <full-stacktrace>
              <![CDATA[java.lang.AssertionError: expected [4,36,060] but found [4,36,112]
at org.testng.Assert.fail(Assert.java:96)
at org.testng.Assert.failNotEquals(Assert.java:776)
at org.testng.Assert.assertEqualsImpl(Assert.java:137)
at org.testng.Assert.assertEquals(Assert.java:118)
at org.testng.Assert.assertEquals(Assert.java:453)
at org.testng.Assert.assertEquals(Assert.java:463)
at hyperlocalUtils.Asserts.financePageAssert(Asserts.java:72)
at hyperlocalPages.FinanceElements.financePage(FinanceElements.java:45)
at com.hyperlocal.FinanceTest.financePageTest(FinanceTest.java:11)
at sun.reflect.NativeMethodAccessorImpl.invoke0(Native Method)
at sun.reflect.NativeMethodAccessorImpl.invoke(Unknown Source)
at sun.reflect.DelegatingMethodAccessorImpl.invoke(Unknown Source)
at java.lang.reflect.Method.invoke(Unknown Source)
at org.testng.internal.MethodInvocationHelper.invokeMethod(MethodInvocationHelper.java:124)
at org.testng.internal.Invoker.invokeMethod(Invoker.java:583)
at org.testng.internal.Invoker.invokeTestMethod(Invoker.java:719)
at org.testng.internal.Invoker.invokeTestMethods(Invoker.java:989)
at org.testng.internal.TestMethodWorker.invokeTestMethods(TestMethodWorker.java:125)
at org.testng.internal.TestMethodWorker.run(TestMethodWorker.java:109)
at org.testng.TestRunner.privateRun(TestRunner.java:648)
at org.testng.TestRunner.run(TestRunner.java:505)
at org.testng.SuiteRunner.runTest(SuiteRunner.java:455)
at org.testng.SuiteRunner.runSequentially(SuiteRunner.java:450)
at org.testng.SuiteRunner.privateRun(SuiteRunner.java:415)
at org.testng.SuiteRunner.run(SuiteRunner.java:364)
at org.testng.SuiteRunnerWorker.runSuite(SuiteRunnerWorker.java:52)
at org.testng.SuiteRunnerWorker.run(SuiteRunnerWorker.java:84)
at org.testng.TestNG.runSuitesSequentially(TestNG.java:1208)
at org.testng.TestNG.runSuitesLocally(TestNG.java:1137)
at org.testng.TestNG.runSuites(TestNG.java:1049)
at org.testng.TestNG.run(TestNG.java:1017)
at org.testng.remote.AbstractRemoteTestNG.run(AbstractRemoteTestNG.java:114)
at org.testng.remote.RemoteTestNG.initAndRun(RemoteTestNG.java:251)
at org.testng.remote.RemoteTestNG.main(RemoteTestNG.java:77)
]]>
            </full-stacktrace>
          </exception> <!-- java.lang.AssertionError -->
          <reporter-output>
          </reporter-output>
        </test-method> <!-- financePageTest -->
        <test-method status="PASS" signature="screenShot()[pri:0, instance:com.hyperlocal.FinanceTest@204f30ec]" name="screenShot" is-config="true" duration-ms="1845" started-at="2019-04-17T13:25:33Z" finished-at="2019-04-17T13:25:35Z">
          <reporter-output>
          </reporter-output>
        </test-method> <!-- screenShot -->
      </class> <!-- com.hyperlocal.FinanceTest -->
    </test> <!-- Test -->
  </suite> <!-- Suite -->
</testng-results>
