<html>
<head>
<title>TestNG:  Test</title>
<link href="../testng.css" rel="stylesheet" type="text/css" />
<link href="../my-testng.css" rel="stylesheet" type="text/css" />

<style type="text/css">
.log { display: none;} 
.stack-trace { display: none;} 
</style>
<script type="text/javascript">
<!--
function flip(e) {
  current = e.style.display;
  if (current == 'block') {
    e.style.display = 'none';
    return 0;
  }
  else {
    e.style.display = 'block';
    return 1;
  }
}

function toggleBox(szDivId, elem, msg1, msg2)
{
  var res = -1;  if (document.getElementById) {
    res = flip(document.getElementById(szDivId));
  }
  else if (document.all) {
    // this is the way old msie versions work
    res = flip(document.all[szDivId]);
  }
  if(elem) {
    if(res == 0) elem.innerHTML = msg1; else elem.innerHTML = msg2;
  }

}

function toggleAllBoxes() {
  if (document.getElementsByTagName) {
    d = document.getElementsByTagName('div');
    for (i = 0; i < d.length; i++) {
      if (d[i].className == 'log') {
        flip(d[i]);
      }
    }
  }
}

// -->
</script>

</head>
<body>
<h2 align='center'>Test</h2><table border='1' align="center">
<tr>
<td>Tests passed/Failed/Skipped:</td><td>8/3/0</td>
</tr><tr>
<td>Started on:</td><td>Wed Apr 17 18:53:38 IST 2019</td>
</tr>
<tr><td>Total time:</td><td>245 seconds (245716 ms)</td>
</tr><tr>
<td>Included groups:</td><td></td>
</tr><tr>
<td>Excluded groups:</td><td></td>
</tr>
</table><p/>
<small><i>(Hover the method name to see the test class name)</i></small><p/>
<table width='100%' border='1' class='invocation-failed'>
<tr><td colspan='4' align='center'><b>FAILED TESTS</b></td></tr>
<tr><td><b>Test method</b></td>
<td width="30%"><b>Exception</b></td>
<td width="10%"><b>Time (seconds)</b></td>
<td><b>Instance</b></td>
</tr>
<tr>
<td title='com.hyperlocal.CarPageTest.carPageTest()'><b>carPageTest</b><br>Test class: com.hyperlocal.CarPageTest</td>
<td><div><pre>java.lang.AssertionError: expected [http://arenaofsanand.hyperlocalcmstage.co.in//cars/alto-k10] but found [http://arenaofsanand.hyperlocalcmstage.co.in/en/cars/alto-k10]
	at hyperlocalUtils.Asserts.carPageAssert(Asserts.java:34)
	at hyperlocalPages.CarPageElements.carPage(CarPageElements.java:40)
	at com.hyperlocal.CarPageTest.carPageTest(CarPageTest.java:11)
... Removed 31 stack frames</pre></div><a href='#' onClick='toggleBox("stack-trace431506362", this, "Click to show all stack frames", "Click to hide stack frames")'>Click to show all stack frames</a>
<div class='stack-trace' id='stack-trace431506362'><pre>java.lang.AssertionError: expected [http://arenaofsanand.hyperlocalcmstage.co.in//cars/alto-k10] but found [http://arenaofsanand.hyperlocalcmstage.co.in/en/cars/alto-k10]
	at org.testng.Assert.fail(Assert.java:96)
	at org.testng.Assert.failNotEquals(Assert.java:776)
	at org.testng.Assert.assertEqualsImpl(Assert.java:137)
	at org.testng.Assert.assertEquals(Assert.java:118)
	at org.testng.Assert.assertEquals(Assert.java:453)
	at org.testng.Assert.assertEquals(Assert.java:463)
	at hyperlocalUtils.Asserts.carPageAssert(Asserts.java:34)
	at hyperlocalPages.CarPageElements.carPage(CarPageElements.java:40)
	at com.hyperlocal.CarPageTest.carPageTest(CarPageTest.java:11)
	at sun.reflect.NativeMethodAccessorImpl.invoke0(Native Method)
	at sun.reflect.NativeMethodAccessorImpl.invoke(Unknown Source)
	at sun.reflect.DelegatingMethodAccessorImpl.invoke(Unknown Source)
	at java.lang.reflect.Method.invoke(Unknown Source)
	at org.testng.internal.MethodInvocationHelper.invokeMethod(MethodInvocationHelper.java:124)
	at org.testng.internal.Invoker.invokeMethod(Invoker.java:583)
	at org.testng.internal.Invoker.invokeTestMethod(Invoker.java:719)
	at org.testng.internal.Invoker.invokeTestMethods(Invoker.java:989)
	at org.testng.internal.TestMethodWorker.invokeTestMethods(TestMethodWorker.java:125)
	at org.testng.internal.TestMethodWorker.run(TestMethodWorker.java:109)
	at org.testng.TestRunner.privateRun(TestRunner.java:648)
	at org.testng.TestRunner.run(TestRunner.java:505)
	at org.testng.SuiteRunner.runTest(SuiteRunner.java:455)
	at org.testng.SuiteRunner.runSequentially(SuiteRunner.java:450)
	at org.testng.SuiteRunner.privateRun(SuiteRunner.java:415)
	at org.testng.SuiteRunner.run(SuiteRunner.java:364)
	at org.testng.SuiteRunnerWorker.runSuite(SuiteRunnerWorker.java:52)
	at org.testng.SuiteRunnerWorker.run(SuiteRunnerWorker.java:84)
	at org.testng.TestNG.runSuitesSequentially(TestNG.java:1208)
	at org.testng.TestNG.runSuitesLocally(TestNG.java:1137)
	at org.testng.TestNG.runSuites(TestNG.java:1049)
	at org.testng.TestNG.run(TestNG.java:1017)
	at org.testng.remote.AbstractRemoteTestNG.run(AbstractRemoteTestNG.java:114)
	at org.testng.remote.RemoteTestNG.initAndRun(RemoteTestNG.java:251)
	at org.testng.remote.RemoteTestNG.main(RemoteTestNG.java:77)
</pre></div></td>
<td>12</td>
<td>com.hyperlocal.CarPageTest@1a968a59</td></tr>
<tr>
<td title='com.hyperlocal.FinanceTest.financePageTest()'><b>financePageTest</b><br>Test class: com.hyperlocal.FinanceTest</td>
<td><div><pre>java.lang.AssertionError: expected [4,36,060] but found [4,36,112]
	at hyperlocalUtils.Asserts.financePageAssert(Asserts.java:72)
	at hyperlocalPages.FinanceElements.financePage(FinanceElements.java:45)
	at com.hyperlocal.FinanceTest.financePageTest(FinanceTest.java:11)
... Removed 31 stack frames</pre></div><a href='#' onClick='toggleBox("stack-trace1135278099", this, "Click to show all stack frames", "Click to hide stack frames")'>Click to show all stack frames</a>
<div class='stack-trace' id='stack-trace1135278099'><pre>java.lang.AssertionError: expected [4,36,060] but found [4,36,112]
	at org.testng.Assert.fail(Assert.java:96)
	at org.testng.Assert.failNotEquals(Assert.java:776)
	at org.testng.Assert.assertEqualsImpl(Assert.java:137)
	at org.testng.Assert.assertEquals(Assert.java:118)
	at org.testng.Assert.assertEquals(Assert.java:453)
	at org.testng.Assert.assertEquals(Assert.java:463)
	at hyperlocalUtils.Asserts.financePageAssert(Asserts.java:72)
	at hyperlocalPages.FinanceElements.financePage(FinanceElements.java:45)
	at com.hyperlocal.FinanceTest.financePageTest(FinanceTest.java:11)
	at sun.reflect.NativeMethodAccessorImpl.invoke0(Native Method)
	at sun.reflect.NativeMethodAccessorImpl.invoke(Unknown Source)
	at sun.reflect.DelegatingMethodAccessorImpl.invoke(Unknown Source)
	at java.lang.reflect.Method.invoke(Unknown Source)
	at org.testng.internal.MethodInvocationHelper.invokeMethod(MethodInvocationHelper.java:124)
	at org.testng.internal.Invoker.invokeMethod(Invoker.java:583)
	at org.testng.internal.Invoker.invokeTestMethod(Invoker.java:719)
	at org.testng.internal.Invoker.invokeTestMethods(Invoker.java:989)
	at org.testng.internal.TestMethodWorker.invokeTestMethods(TestMethodWorker.java:125)
	at org.testng.internal.TestMethodWorker.run(TestMethodWorker.java:109)
	at org.testng.TestRunner.privateRun(TestRunner.java:648)
	at org.testng.TestRunner.run(TestRunner.java:505)
	at org.testng.SuiteRunner.runTest(SuiteRunner.java:455)
	at org.testng.SuiteRunner.runSequentially(SuiteRunner.java:450)
	at org.testng.SuiteRunner.privateRun(SuiteRunner.java:415)
	at org.testng.SuiteRunner.run(SuiteRunner.java:364)
	at org.testng.SuiteRunnerWorker.runSuite(SuiteRunnerWorker.java:52)
	at org.testng.SuiteRunnerWorker.run(SuiteRunnerWorker.java:84)
	at org.testng.TestNG.runSuitesSequentially(TestNG.java:1208)
	at org.testng.TestNG.runSuitesLocally(TestNG.java:1137)
	at org.testng.TestNG.runSuites(TestNG.java:1049)
	at org.testng.TestNG.run(TestNG.java:1017)
	at org.testng.remote.AbstractRemoteTestNG.run(AbstractRemoteTestNG.java:114)
	at org.testng.remote.RemoteTestNG.initAndRun(RemoteTestNG.java:251)
	at org.testng.remote.RemoteTestNG.main(RemoteTestNG.java:77)
</pre></div></td>
<td>8</td>
<td>com.hyperlocal.FinanceTest@204f30ec</td></tr>
<tr>
<td title='com.hyperlocal.HomePageTest.homePageTest()'><b>homePageTest</b><br>Test class: com.hyperlocal.HomePageTest</td>
<td><div><pre>java.lang.AssertionError: expected [Maruti Suzuki ARENA Car Dealers in Jaipur Road, Ajmer - Ajmer Auto Agencies Showroom in Jaipur Road, Ajmer] but found [Maruti Suzuki ARENA Car Dealers in Sanand, Ahmedabad - Tanu Motors Car Showroom Ahmedabad]
	at hyperlocalUtils.Asserts.homePageAssert(Asserts.java:15)
	at hyperlocalPages.HomePageElements.homePage(HomePageElements.java:27)
	at com.hyperlocal.HomePageTest.homePageTest(HomePageTest.java:11)
... Removed 31 stack frames</pre></div><a href='#' onClick='toggleBox("stack-trace1916575798", this, "Click to show all stack frames", "Click to hide stack frames")'>Click to show all stack frames</a>
<div class='stack-trace' id='stack-trace1916575798'><pre>java.lang.AssertionError: expected [Maruti Suzuki ARENA Car Dealers in Jaipur Road, Ajmer - Ajmer Auto Agencies Showroom in Jaipur Road, Ajmer] but found [Maruti Suzuki ARENA Car Dealers in Sanand, Ahmedabad - Tanu Motors Car Showroom Ahmedabad]
	at org.testng.Assert.fail(Assert.java:96)
	at org.testng.Assert.failNotEquals(Assert.java:776)
	at org.testng.Assert.assertEqualsImpl(Assert.java:137)
	at org.testng.Assert.assertEquals(Assert.java:118)
	at org.testng.Assert.assertEquals(Assert.java:453)
	at org.testng.Assert.assertEquals(Assert.java:463)
	at hyperlocalUtils.Asserts.homePageAssert(Asserts.java:15)
	at hyperlocalPages.HomePageElements.homePage(HomePageElements.java:27)
	at com.hyperlocal.HomePageTest.homePageTest(HomePageTest.java:11)
	at sun.reflect.NativeMethodAccessorImpl.invoke0(Native Method)
	at sun.reflect.NativeMethodAccessorImpl.invoke(Unknown Source)
	at sun.reflect.DelegatingMethodAccessorImpl.invoke(Unknown Source)
	at java.lang.reflect.Method.invoke(Unknown Source)
	at org.testng.internal.MethodInvocationHelper.invokeMethod(MethodInvocationHelper.java:124)
	at org.testng.internal.Invoker.invokeMethod(Invoker.java:583)
	at org.testng.internal.Invoker.invokeTestMethod(Invoker.java:719)
	at org.testng.internal.Invoker.invokeTestMethods(Invoker.java:989)
	at org.testng.internal.TestMethodWorker.invokeTestMethods(TestMethodWorker.java:125)
	at org.testng.internal.TestMethodWorker.run(TestMethodWorker.java:109)
	at org.testng.TestRunner.privateRun(TestRunner.java:648)
	at org.testng.TestRunner.run(TestRunner.java:505)
	at org.testng.SuiteRunner.runTest(SuiteRunner.java:455)
	at org.testng.SuiteRunner.runSequentially(SuiteRunner.java:450)
	at org.testng.SuiteRunner.privateRun(SuiteRunner.java:415)
	at org.testng.SuiteRunner.run(SuiteRunner.java:364)
	at org.testng.SuiteRunnerWorker.runSuite(SuiteRunnerWorker.java:52)
	at org.testng.SuiteRunnerWorker.run(SuiteRunnerWorker.java:84)
	at org.testng.TestNG.runSuitesSequentially(TestNG.java:1208)
	at org.testng.TestNG.runSuitesLocally(TestNG.java:1137)
	at org.testng.TestNG.runSuites(TestNG.java:1049)
	at org.testng.TestNG.run(TestNG.java:1017)
	at org.testng.remote.AbstractRemoteTestNG.run(AbstractRemoteTestNG.java:114)
	at org.testng.remote.RemoteTestNG.initAndRun(RemoteTestNG.java:251)
	at org.testng.remote.RemoteTestNG.main(RemoteTestNG.java:77)
</pre></div></td>
<td>0</td>
<td>com.hyperlocal.HomePageTest@548e7350</td></tr>
</table><p>
<table width='100%' border='1' class='invocation-passed'>
<tr><td colspan='4' align='center'><b>PASSED TESTS</b></td></tr>
<tr><td><b>Test method</b></td>
<td width="30%"><b>Exception</b></td>
<td width="10%"><b>Time (seconds)</b></td>
<td><b>Instance</b></td>
</tr>
<tr>
<td title='com.hyperlocal.AboutUsTest.aboutUsTest()'><b>aboutUsTest</b><br>Test class: com.hyperlocal.AboutUsTest</td>
<td></td>
<td>8</td>
<td>com.hyperlocal.AboutUsTest@464bee09</td></tr>
<tr>
<td title='com.hyperlocal.AccessoriesTest.accessoriesPageTest()'><b>accessoriesPageTest</b><br>Test class: com.hyperlocal.AccessoriesTest</td>
<td></td>
<td>15</td>
<td>com.hyperlocal.AccessoriesTest@77cd7a0</td></tr>
<tr>
<td title='com.hyperlocal.ServiceTest.carPageTest()'><b>carPageTest</b><br>Test class: com.hyperlocal.ServiceTest</td>
<td></td>
<td>14</td>
<td>com.hyperlocal.ServiceTest@4667ae56</td></tr>
<tr>
<td title='com.hyperlocal.CareersTest.careerPageTest()'><b>careerPageTest</b><br>Test class: com.hyperlocal.CareersTest</td>
<td></td>
<td>17</td>
<td>com.hyperlocal.CareersTest@146ba0ac</td></tr>
<tr>
<td title='com.hyperlocal.ContactUsTest.contactUsPageTest()'><b>contactUsPageTest</b><br>Test class: com.hyperlocal.ContactUsTest</td>
<td></td>
<td>6</td>
<td>com.hyperlocal.ContactUsTest@4dfa3a9d</td></tr>
<tr>
<td title='com.hyperlocal.DrivingSchoolTest.drivingschoolPageTest()'><b>drivingschoolPageTest</b><br>Test class: com.hyperlocal.DrivingSchoolTest</td>
<td></td>
<td>8</td>
<td>com.hyperlocal.DrivingSchoolTest@754ba872</td></tr>
<tr>
<td title='com.hyperlocal.EBookNowTest.ebookTest()'><b>ebookTest</b><br>Test class: com.hyperlocal.EBookNowTest</td>
<td></td>
<td>6</td>
<td>com.hyperlocal.EBookNowTest@6eebc39e</td></tr>
<tr>
<td title='com.hyperlocal.InsuranceTest.insurancePageTest()'><b>insurancePageTest</b><br>Test class: com.hyperlocal.InsuranceTest</td>
<td></td>
<td>13</td>
<td>com.hyperlocal.InsuranceTest@e25b2fe</td></tr>
</table><p>
</body>
</html>