<?xml version="1.0" encoding="UTF-8"?>
<!-- Generated by org.testng.reporters.JUnitXMLReporter -->
<testsuite hostname="DESKTOP-9VF53AB" ignored="0" name="Test" tests="11" failures="3" timestamp="17 Apr 2019 13:27:44 GMT" time="245.716" errors="0">
  <testcase name="homePageTest" time="0.055" classname="com.hyperlocal.HomePageTest">
    <failure type="java.lang.AssertionError" message="expected [Maruti Suzuki ARENA Car Dealers in Jaipur Road, Ajmer - Ajmer Auto Agencies Showroom in Jaipur Road, Ajmer] but found [Maruti Suzuki ARENA Car Dealers in Sanand, Ahmedabad - Tanu Motors Car Showroom Ahmedabad]">
      <![CDATA[java.lang.AssertionError: expected [Maruti Suzuki ARENA Car Dealers in Jaipur Road, Ajmer - Ajmer Auto Agencies Showroom in Jaipur Road, Ajmer] but found [Maruti Suzuki ARENA Car Dealers in Sanand, Ahmedabad - Tanu Motors Car Showroom Ahmedabad]
at hyperlocalUtils.Asserts.homePageAssert(Asserts.java:15)
at hyperlocalPages.HomePageElements.homePage(HomePageElements.java:27)
at com.hyperlocal.HomePageTest.homePageTest(HomePageTest.java:11)
... Removed 31 stack frames]]>
    </failure>
  </testcase> <!-- homePageTest -->
  <testcase name="carPageTest" time="12.371" classname="com.hyperlocal.CarPageTest">
    <failure type="java.lang.AssertionError" message="expected [http://arenaofsanand.hyperlocalcmstage.co.in//cars/alto-k10] but found [http://arenaofsanand.hyperlocalcmstage.co.in/en/cars/alto-k10]">
      <![CDATA[java.lang.AssertionError: expected [http://arenaofsanand.hyperlocalcmstage.co.in//cars/alto-k10] but found [http://arenaofsanand.hyperlocalcmstage.co.in/en/cars/alto-k10]
at hyperlocalUtils.Asserts.carPageAssert(Asserts.java:34)
at hyperlocalPages.CarPageElements.carPage(CarPageElements.java:40)
at com.hyperlocal.CarPageTest.carPageTest(CarPageTest.java:11)
... Removed 31 stack frames]]>
    </failure>
  </testcase> <!-- carPageTest -->
  <testcase name="carPageTest" time="14.69" classname="com.hyperlocal.ServiceTest"/>
  <testcase name="accessoriesPageTest" time="15.384" classname="com.hyperlocal.AccessoriesTest"/>
  <testcase name="financePageTest" time="8.397" classname="com.hyperlocal.FinanceTest">
    <failure type="java.lang.AssertionError" message="expected [4,36,060] but found [4,36,112]">
      <![CDATA[java.lang.AssertionError: expected [4,36,060] but found [4,36,112]
at hyperlocalUtils.Asserts.financePageAssert(Asserts.java:72)
at hyperlocalPages.FinanceElements.financePage(FinanceElements.java:45)
at com.hyperlocal.FinanceTest.financePageTest(FinanceTest.java:11)
... Removed 31 stack frames]]>
    </failure>
  </testcase> <!-- financePageTest -->
  <testcase name="insurancePageTest" time="13.955" classname="com.hyperlocal.InsuranceTest"/>
  <testcase name="drivingschoolPageTest" time="8.235" classname="com.hyperlocal.DrivingSchoolTest"/>
  <testcase name="careerPageTest" time="17.667" classname="com.hyperlocal.CareersTest"/>
  <testcase name="contactUsPageTest" time="6.931" classname="com.hyperlocal.ContactUsTest"/>
  <testcase name="ebookTest" time="6.123" classname="com.hyperlocal.EBookNowTest"/>
  <testcase name="aboutUsTest" time="8.134" classname="com.hyperlocal.AboutUsTest"/>
</testsuite> <!-- Test -->
